#! /usr/bin/env bash
exec /home/leonardo/miniconda3/envs/digital/bin/vvp -f "$0" "$@" <<'# EOF'
:ivl_version "13.0 (devel)" "(0_8-6859-gf50cc35d2-dirty)";
:ivl_delay_selection "TYPICAL";
:vpi_time_precision - 12;
:vpi_module "/home/leonardo/miniconda3/envs/digital/lib/ivl/system.vpi";
:vpi_module "/home/leonardo/miniconda3/envs/digital/lib/ivl/vhdl_sys.vpi";
:vpi_module "/home/leonardo/miniconda3/envs/digital/lib/ivl/vhdl_textio.vpi";
:vpi_module "/home/leonardo/miniconda3/envs/digital/lib/ivl/v2005_math.vpi";
:vpi_module "/home/leonardo/miniconda3/envs/digital/lib/ivl/va_math.vpi";
S_0x3a57a1e0 .scope module, "Teclado_TB" "Teclado_TB" 2 3;
 .timescale -9 -12;
P_0x3a57a370 .param/l "PERIOD" 0 2 35, +C4<00000000000000000000000000010100>;
v0x3a5c85e0_0 .var "C0", 0 0;
v0x3a5c86a0_0 .var "C1", 0 0;
v0x3a5c8760_0 .var "C2", 0 0;
v0x3a5c8800_0 .var "C3", 0 0;
v0x3a5c88a0_0 .net "R0", 0 0, L_0x3a568100;  1 drivers
v0x3a5c8990_0 .net "R1", 0 0, L_0x3a5c8ee0;  1 drivers
v0x3a5c8a30_0 .net "R2", 0 0, L_0x3a5c8fa0;  1 drivers
v0x3a5c8ad0_0 .net "R3", 0 0, L_0x3a5c9060;  1 drivers
v0x3a5c8b70_0 .var "clk", 0 0;
v0x3a5c8c10_0 .net "done", 0 0, L_0x3a5c9120;  1 drivers
v0x3a5c8cb0_0 .var "init", 0 0;
v0x3a5c8d50_0 .var "reset", 0 0;
v0x3a5c8df0_0 .net "tecla", 5 0, v0x3a5c7110_0;  1 drivers
E_0x3a58d780 .event anyedge, v0x3a5c7a70_0;
E_0x3a5a75f0 .event posedge, v0x3a5c5390_0;
E_0x3a5a74c0 .event negedge, v0x3a5c5390_0;
S_0x3a57a410 .scope begin, "TEST_CASE" "TEST_CASE" 2 78, 2 78 0, S_0x3a57a1e0;
 .timescale -9 -12;
S_0x3a53a140 .scope module, "Tcl0" "Teclado" 2 18, 3 1 0, S_0x3a57a1e0;
 .timescale -9 -12;
    .port_info 0 /INPUT 1 "clk";
    .port_info 1 /INPUT 1 "reset";
    .port_info 2 /INPUT 1 "init";
    .port_info 3 /INPUT 1 "C0";
    .port_info 4 /INPUT 1 "C1";
    .port_info 5 /INPUT 1 "C2";
    .port_info 6 /INPUT 1 "C3";
    .port_info 7 /OUTPUT 1 "R0";
    .port_info 8 /OUTPUT 1 "R1";
    .port_info 9 /OUTPUT 1 "R2";
    .port_info 10 /OUTPUT 1 "R3";
    .port_info 11 /OUTPUT 6 "tecla";
    .port_info 12 /OUTPUT 1 "done";
L_0x3a568100 .functor BUFZ 1, v0x3a5c58a0_0, C4<0>, C4<0>, C4<0>;
L_0x3a5c8ee0 .functor BUFZ 1, v0x3a5c5960_0, C4<0>, C4<0>, C4<0>;
L_0x3a5c8fa0 .functor BUFZ 1, v0x3a5c5a20_0, C4<0>, C4<0>, C4<0>;
L_0x3a5c9060 .functor BUFZ 1, v0x3a5c5ae0_0, C4<0>, C4<0>, C4<0>;
L_0x3a5c9120 .functor BUFZ 1, v0x3a5c5580_0, C4<0>, C4<0>, C4<0>;
v0x3a5c7310_0 .net "C0", 0 0, v0x3a5c85e0_0;  1 drivers
v0x3a5c73d0_0 .net "C1", 0 0, v0x3a5c86a0_0;  1 drivers
v0x3a5c74e0_0 .net "C2", 0 0, v0x3a5c8760_0;  1 drivers
v0x3a5c75d0_0 .net "C3", 0 0, v0x3a5c8800_0;  1 drivers
v0x3a5c76c0_0 .net "R0", 0 0, L_0x3a568100;  alias, 1 drivers
v0x3a5c77b0_0 .net "R1", 0 0, L_0x3a5c8ee0;  alias, 1 drivers
v0x3a5c7850_0 .net "R2", 0 0, L_0x3a5c8fa0;  alias, 1 drivers
v0x3a5c7910_0 .net "R3", 0 0, L_0x3a5c9060;  alias, 1 drivers
v0x3a5c79d0_0 .net "clk", 0 0, v0x3a5c8b70_0;  1 drivers
v0x3a5c7a70_0 .net "done", 0 0, L_0x3a5c9120;  alias, 1 drivers
v0x3a5c7b30_0 .net "init", 0 0, v0x3a5c8cb0_0;  1 drivers
v0x3a5c7c20_0 .net "reset", 0 0, v0x3a5c8d50_0;  1 drivers
v0x3a5c7d10_0 .net "tecla", 5 0, v0x3a5c7110_0;  alias, 1 drivers
v0x3a5c7dd0_0 .net "w_R0", 0 0, v0x3a5c58a0_0;  1 drivers
v0x3a5c7ec0_0 .net "w_R1", 0 0, v0x3a5c5960_0;  1 drivers
v0x3a5c7fb0_0 .net "w_R2", 0 0, v0x3a5c5a20_0;  1 drivers
v0x3a5c80a0_0 .net "w_R3", 0 0, v0x3a5c5ae0_0;  1 drivers
v0x3a5c8190_0 .net "w_done", 0 0, v0x3a5c5580_0;  1 drivers
v0x3a5c8280_0 .net "w_end", 0 0, v0x3a5c6d30_0;  1 drivers
v0x3a5c8370_0 .net "w_kp_rd", 0 0, v0x3a5c6f70_0;  1 drivers
S_0x3a580040 .scope module, "ctrl_tcl0" "Control_Teclado" 3 43, 3 160 0, S_0x3a53a140;
 .timescale -9 -12;
    .port_info 0 /INPUT 1 "clk";
    .port_info 1 /INPUT 1 "reset";
    .port_info 2 /INPUT 1 "init";
    .port_info 3 /INPUT 1 "end_flag";
    .port_info 4 /INPUT 1 "rd_flag";
    .port_info 5 /INPUT 1 "c0";
    .port_info 6 /INPUT 1 "c1";
    .port_info 7 /INPUT 1 "c2";
    .port_info 8 /INPUT 1 "c3";
    .port_info 9 /OUTPUT 1 "r0";
    .port_info 10 /OUTPUT 1 "r1";
    .port_info 11 /OUTPUT 1 "r2";
    .port_info 12 /OUTPUT 1 "r3";
    .port_info 13 /OUTPUT 1 "done";
P_0x3a580220 .param/l "READ" 0 3 182, C4<101>;
P_0x3a580260 .param/l "Row0" 0 3 178, C4<001>;
P_0x3a5802a0 .param/l "Row1" 0 3 179, C4<010>;
P_0x3a5802e0 .param/l "Row2" 0 3 180, C4<011>;
P_0x3a580320 .param/l "Row3" 0 3 181, C4<100>;
P_0x3a580360 .param/l "START" 0 3 177, C4<000>;
v0x3a5a5570_0 .net "c0", 0 0, v0x3a5c85e0_0;  alias, 1 drivers
v0x3a5c5170_0 .net "c1", 0 0, v0x3a5c86a0_0;  alias, 1 drivers
v0x3a5c5230_0 .net "c2", 0 0, v0x3a5c8760_0;  alias, 1 drivers
v0x3a5c52d0_0 .net "c3", 0 0, v0x3a5c8800_0;  alias, 1 drivers
v0x3a5c5390_0 .net "clk", 0 0, v0x3a5c8b70_0;  alias, 1 drivers
v0x3a5c54a0_0 .var "cnt", 0 2;
v0x3a5c5580_0 .var "done", 0 0;
v0x3a5c5640_0 .net "end_flag", 0 0, v0x3a5c6d30_0;  alias, 1 drivers
v0x3a5c5700_0 .net "init", 0 0, v0x3a5c8cb0_0;  alias, 1 drivers
v0x3a5c57c0_0 .var "prev_row", 2 0;
v0x3a5c58a0_0 .var "r0", 0 0;
v0x3a5c5960_0 .var "r1", 0 0;
v0x3a5c5a20_0 .var "r2", 0 0;
v0x3a5c5ae0_0 .var "r3", 0 0;
v0x3a5c5ba0_0 .net "rd_flag", 0 0, v0x3a5c6f70_0;  alias, 1 drivers
v0x3a5c5c60_0 .net "reset", 0 0, v0x3a5c8d50_0;  alias, 1 drivers
v0x3a5c5d20_0 .var "state", 2 0;
E_0x3a5a6e40 .event anyedge, v0x3a5c5d20_0, v0x3a5c57c0_0;
E_0x3a5a4110/0 .event negedge, v0x3a5c5390_0;
E_0x3a5a4110/1 .event posedge, v0x3a5c5c60_0;
E_0x3a5a4110 .event/or E_0x3a5a4110/0, E_0x3a5a4110/1;
S_0x3a5c5fc0 .scope module, "data_tcl0" "data_tcl" 3 25, 3 68 0, S_0x3a53a140;
 .timescale -9 -12;
    .port_info 0 /INPUT 1 "clk";
    .port_info 1 /INPUT 1 "reset";
    .port_info 2 /INPUT 1 "done";
    .port_info 3 /INPUT 1 "init";
    .port_info 4 /INPUT 1 "C0";
    .port_info 5 /INPUT 1 "C1";
    .port_info 6 /INPUT 1 "C2";
    .port_info 7 /INPUT 1 "C3";
    .port_info 8 /INPUT 1 "R0";
    .port_info 9 /INPUT 1 "R1";
    .port_info 10 /INPUT 1 "R2";
    .port_info 11 /INPUT 1 "R3";
    .port_info 12 /OUTPUT 6 "tecla";
    .port_info 13 /OUTPUT 1 "end_flag";
    .port_info 14 /OUTPUT 1 "rd_flag";
v0x3a5c63f0_0 .var "Antirebote", 6 0;
v0x3a5c64f0_0 .net "C0", 0 0, v0x3a5c85e0_0;  alias, 1 drivers
v0x3a5c65b0_0 .net "C1", 0 0, v0x3a5c86a0_0;  alias, 1 drivers
v0x3a5c6650_0 .net "C2", 0 0, v0x3a5c8760_0;  alias, 1 drivers
v0x3a5c66f0_0 .net "C3", 0 0, v0x3a5c8800_0;  alias, 1 drivers
v0x3a5c67e0_0 .var "Prev_tecla", 5 0;
v0x3a5c6880_0 .net "R0", 0 0, v0x3a5c58a0_0;  alias, 1 drivers
v0x3a5c6920_0 .net "R1", 0 0, v0x3a5c5960_0;  alias, 1 drivers
v0x3a5c69f0_0 .net "R2", 0 0, v0x3a5c5a20_0;  alias, 1 drivers
v0x3a5c6ac0_0 .net "R3", 0 0, v0x3a5c5ae0_0;  alias, 1 drivers
v0x3a5c6b90_0 .net "clk", 0 0, v0x3a5c8b70_0;  alias, 1 drivers
v0x3a5c6c60_0 .net "done", 0 0, v0x3a5c5580_0;  alias, 1 drivers
v0x3a5c6d30_0 .var "end_flag", 0 0;
v0x3a5c6e00_0 .net "init", 0 0, v0x3a5c8cb0_0;  alias, 1 drivers
v0x3a5c6ed0_0 .var "next_tecla", 5 0;
v0x3a5c6f70_0 .var "rd_flag", 0 0;
v0x3a5c7040_0 .net "reset", 0 0, v0x3a5c8d50_0;  alias, 1 drivers
v0x3a5c7110_0 .var "tecla", 5 0;
v0x3a5c71b0_0 .var "unique_flag", 0 0;
E_0x3a5a3110 .event anyedge, v0x3a5c63f0_0;
E_0x3a5a3470 .event posedge, v0x3a5c5c60_0, v0x3a5c5390_0;
E_0x3a5a37a0/0 .event anyedge, v0x3a5c58a0_0, v0x3a5a5570_0, v0x3a5c5170_0, v0x3a5c5230_0;
E_0x3a5a37a0/1 .event anyedge, v0x3a5c5960_0, v0x3a5c5a20_0, v0x3a5c52d0_0, v0x3a5c5ae0_0;
E_0x3a5a37a0 .event/or E_0x3a5a37a0/0, E_0x3a5a37a0/1;
    .scope S_0x3a5c5fc0;
T_0 ;
    %wait E_0x3a5a37a0;
    %pushi/vec4 0, 0, 6;
    %store/vec4 v0x3a5c6ed0_0, 0, 6;
    %load/vec4 v0x3a5c6880_0;
    %flag_set/vec4 8;
    %jmp/0xz  T_0.0, 8;
    %load/vec4 v0x3a5c64f0_0;
    %flag_set/vec4 8;
    %jmp/0xz  T_0.2, 8;
    %pushi/vec4 49, 0, 6;
    %store/vec4 v0x3a5c6ed0_0, 0, 6;
    %jmp T_0.3;
T_0.2 ;
    %load/vec4 v0x3a5c65b0_0;
    %flag_set/vec4 8;
    %jmp/0xz  T_0.4, 8;
    %pushi/vec4 50, 0, 6;
    %store/vec4 v0x3a5c6ed0_0, 0, 6;
    %jmp T_0.5;
T_0.4 ;
    %load/vec4 v0x3a5c6650_0;
    %flag_set/vec4 8;
    %jmp/0xz  T_0.6, 8;
    %pushi/vec4 51, 0, 6;
    %store/vec4 v0x3a5c6ed0_0, 0, 6;
T_0.6 ;
T_0.5 ;
T_0.3 ;
    %jmp T_0.1;
T_0.0 ;
    %load/vec4 v0x3a5c6920_0;
    %flag_set/vec4 8;
    %jmp/0xz  T_0.8, 8;
    %load/vec4 v0x3a5c64f0_0;
    %flag_set/vec4 8;
    %jmp/0xz  T_0.10, 8;
    %pushi/vec4 52, 0, 6;
    %store/vec4 v0x3a5c6ed0_0, 0, 6;
    %jmp T_0.11;
T_0.10 ;
    %load/vec4 v0x3a5c65b0_0;
    %flag_set/vec4 8;
    %jmp/0xz  T_0.12, 8;
    %pushi/vec4 53, 0, 6;
    %store/vec4 v0x3a5c6ed0_0, 0, 6;
    %jmp T_0.13;
T_0.12 ;
    %load/vec4 v0x3a5c6650_0;
    %flag_set/vec4 8;
    %jmp/0xz  T_0.14, 8;
    %pushi/vec4 54, 0, 6;
    %store/vec4 v0x3a5c6ed0_0, 0, 6;
T_0.14 ;
T_0.13 ;
T_0.11 ;
    %jmp T_0.9;
T_0.8 ;
    %load/vec4 v0x3a5c69f0_0;
    %flag_set/vec4 8;
    %jmp/0xz  T_0.16, 8;
    %load/vec4 v0x3a5c64f0_0;
    %flag_set/vec4 8;
    %jmp/0xz  T_0.18, 8;
    %pushi/vec4 55, 0, 6;
    %store/vec4 v0x3a5c6ed0_0, 0, 6;
    %jmp T_0.19;
T_0.18 ;
    %load/vec4 v0x3a5c65b0_0;
    %flag_set/vec4 8;
    %jmp/0xz  T_0.20, 8;
    %pushi/vec4 56, 0, 6;
    %store/vec4 v0x3a5c6ed0_0, 0, 6;
    %jmp T_0.21;
T_0.20 ;
    %load/vec4 v0x3a5c6650_0;
    %flag_set/vec4 8;
    %jmp/0xz  T_0.22, 8;
    %pushi/vec4 57, 0, 6;
    %store/vec4 v0x3a5c6ed0_0, 0, 6;
    %jmp T_0.23;
T_0.22 ;
    %load/vec4 v0x3a5c66f0_0;
    %flag_set/vec4 8;
    %jmp/0xz  T_0.24, 8;
    %pushi/vec4 19, 0, 6;
    %store/vec4 v0x3a5c6ed0_0, 0, 6;
T_0.24 ;
T_0.23 ;
T_0.21 ;
T_0.19 ;
    %jmp T_0.17;
T_0.16 ;
    %load/vec4 v0x3a5c6ac0_0;
    %flag_set/vec4 8;
    %jmp/0xz  T_0.26, 8;
    %load/vec4 v0x3a5c64f0_0;
    %flag_set/vec4 8;
    %jmp/0xz  T_0.28, 8;
    %pushi/vec4 42, 0, 6;
    %store/vec4 v0x3a5c6ed0_0, 0, 6;
    %jmp T_0.29;
T_0.28 ;
    %load/vec4 v0x3a5c65b0_0;
    %flag_set/vec4 8;
    %jmp/0xz  T_0.30, 8;
    %pushi/vec4 48, 0, 6;
    %store/vec4 v0x3a5c6ed0_0, 0, 6;
    %jmp T_0.31;
T_0.30 ;
    %load/vec4 v0x3a5c6650_0;
    %flag_set/vec4 8;
    %jmp/0xz  T_0.32, 8;
    %pushi/vec4 35, 0, 6;
    %store/vec4 v0x3a5c6ed0_0, 0, 6;
    %jmp T_0.33;
T_0.32 ;
    %load/vec4 v0x3a5c66f0_0;
    %flag_set/vec4 8;
    %jmp/0xz  T_0.34, 8;
    %pushi/vec4 47, 0, 6;
    %store/vec4 v0x3a5c6ed0_0, 0, 6;
T_0.34 ;
T_0.33 ;
T_0.31 ;
T_0.29 ;
T_0.26 ;
T_0.17 ;
T_0.9 ;
T_0.1 ;
    %jmp T_0;
    .thread T_0, $push;
    .scope S_0x3a5c5fc0;
T_1 ;
    %wait E_0x3a5a3470;
    %load/vec4 v0x3a5c7040_0;
    %flag_set/vec4 8;
    %jmp/0xz  T_1.0, 8;
    %pushi/vec4 0, 0, 7;
    %assign/vec4 v0x3a5c63f0_0, 0;
    %pushi/vec4 16, 0, 6;
    %assign/vec4 v0x3a5c67e0_0, 0;
    %pushi/vec4 16, 0, 6;
    %assign/vec4 v0x3a5c7110_0, 0;
    %pushi/vec4 0, 0, 1;
    %assign/vec4 v0x3a5c71b0_0, 0;
    %jmp T_1.1;
T_1.0 ;
    %load/vec4 v0x3a5c6c60_0;
    %flag_set/vec4 8;
    %jmp/0xz  T_1.2, 8;
    %pushi/vec4 0, 0, 7;
    %assign/vec4 v0x3a5c63f0_0, 0;
    %pushi/vec4 16, 0, 6;
    %assign/vec4 v0x3a5c67e0_0, 0;
    %jmp T_1.3;
T_1.2 ;
    %load/vec4 v0x3a5c6e00_0;
    %flag_set/vec4 8;
    %jmp/0xz  T_1.4, 8;
    %pushi/vec4 16, 0, 6;
    %assign/vec4 v0x3a5c67e0_0, 0;
    %pushi/vec4 0, 0, 6;
    %assign/vec4 v0x3a5c6ed0_0, 0;
    %pushi/vec4 0, 0, 7;
    %assign/vec4 v0x3a5c63f0_0, 0;
    %pushi/vec4 0, 0, 1;
    %assign/vec4 v0x3a5c71b0_0, 0;
    %jmp T_1.5;
T_1.4 ;
    %load/vec4 v0x3a5c71b0_0;
    %nor/r;
    %flag_set/vec4 8;
    %jmp/0xz  T_1.6, 8;
    %load/vec4 v0x3a5c64f0_0;
    %flag_set/vec4 9;
    %jmp/1 T_1.12, 9;
    %load/vec4 v0x3a5c65b0_0;
    %flag_set/vec4 10;
    %flag_or 9, 10;
T_1.12;
    %jmp/1 T_1.11, 9;
    %load/vec4 v0x3a5c6650_0;
    %flag_set/vec4 10;
    %flag_or 9, 10;
T_1.11;
    %flag_get/vec4 9;
    %jmp/1 T_1.10, 9;
    %load/vec4 v0x3a5c66f0_0;
    %or;
T_1.10;
    %nor/r;
    %flag_set/vec4 8;
    %jmp/0xz  T_1.8, 8;
    %pushi/vec4 1, 0, 1;
    %assign/vec4 v0x3a5c71b0_0, 0;
T_1.8 ;
    %jmp T_1.7;
T_1.6 ;
    %load/vec4 v0x3a5c6ed0_0;
    %load/vec4 v0x3a5c67e0_0;
    %cmp/e;
    %flag_get/vec4 4;
    %jmp/0 T_1.15, 4;
    %load/vec4 v0x3a5c6ed0_0;
    %pad/u 32;
    %pushi/vec4 0, 0, 32;
    %cmp/ne;
    %flag_get/vec4 4;
    %and;
T_1.15;
    %flag_set/vec4 8;
    %jmp/0xz  T_1.13, 8;
    %load/vec4 v0x3a5c63f0_0;
    %pad/u 32;
    %cmpi/u 101, 0, 32;
    %jmp/0xz  T_1.16, 5;
    %load/vec4 v0x3a5c63f0_0;
    %addi 1, 0, 7;
    %assign/vec4 v0x3a5c63f0_0, 0;
T_1.16 ;
    %jmp T_1.14;
T_1.13 ;
    %pushi/vec4 0, 0, 7;
    %assign/vec4 v0x3a5c63f0_0, 0;
T_1.14 ;
    %load/vec4 v0x3a5c6ed0_0;
    %assign/vec4 v0x3a5c67e0_0, 0;
    %load/vec4 v0x3a5c6ed0_0;
    %assign/vec4 v0x3a5c7110_0, 0;
T_1.7 ;
T_1.5 ;
T_1.3 ;
T_1.1 ;
    %jmp T_1;
    .thread T_1;
    .scope S_0x3a5c5fc0;
T_2 ;
    %wait E_0x3a5a3110;
    %load/vec4 v0x3a5c63f0_0;
    %pad/u 32;
    %cmpi/u 100, 0, 32;
    %flag_or 5, 4; GT is !LE
    %flag_inv 5;
    %flag_mov 8, 5;
    %jmp/0 T_2.0, 8;
    %pushi/vec4 1, 0, 2;
    %jmp/1 T_2.1, 8;
T_2.0 ; End of true expr.
    %pushi/vec4 0, 0, 2;
    %jmp/0 T_2.1, 8;
 ; End of false expr.
    %blend;
T_2.1;
    %pad/s 1;
    %store/vec4 v0x3a5c6d30_0, 0, 1;
    %load/vec4 v0x3a5c63f0_0;
    %cmpi/ne 0, 0, 7;
    %flag_mov 8, 4;
    %jmp/0 T_2.2, 8;
    %pushi/vec4 1, 0, 2;
    %jmp/1 T_2.3, 8;
T_2.2 ; End of true expr.
    %pushi/vec4 0, 0, 2;
    %jmp/0 T_2.3, 8;
 ; End of false expr.
    %blend;
T_2.3;
    %pad/s 1;
    %store/vec4 v0x3a5c6f70_0, 0, 1;
    %jmp T_2;
    .thread T_2, $push;
    .scope S_0x3a580040;
T_3 ;
    %wait E_0x3a5a4110;
    %load/vec4 v0x3a5c5c60_0;
    %flag_set/vec4 8;
    %jmp/0xz  T_3.0, 8;
    %pushi/vec4 0, 0, 3;
    %assign/vec4 v0x3a5c5d20_0, 0;
    %pushi/vec4 5, 0, 3;
    %assign/vec4 v0x3a5c57c0_0, 0;
    %pushi/vec4 0, 0, 3;
    %assign/vec4 v0x3a5c54a0_0, 0;
    %jmp T_3.1;
T_3.0 ;
    %load/vec4 v0x3a5c5d20_0;
    %dup/vec4;
    %pushi/vec4 0, 0, 3;
    %cmp/u;
    %jmp/1 T_3.2, 6;
    %dup/vec4;
    %pushi/vec4 1, 0, 3;
    %cmp/u;
    %jmp/1 T_3.3, 6;
    %dup/vec4;
    %pushi/vec4 2, 0, 3;
    %cmp/u;
    %jmp/1 T_3.4, 6;
    %dup/vec4;
    %pushi/vec4 3, 0, 3;
    %cmp/u;
    %jmp/1 T_3.5, 6;
    %dup/vec4;
    %pushi/vec4 4, 0, 3;
    %cmp/u;
    %jmp/1 T_3.6, 6;
    %dup/vec4;
    %pushi/vec4 5, 0, 3;
    %cmp/u;
    %jmp/1 T_3.7, 6;
    %pushi/vec4 0, 0, 3;
    %assign/vec4 v0x3a5c5d20_0, 0;
    %jmp T_3.9;
T_3.2 ;
    %load/vec4 v0x3a5c5700_0;
    %flag_set/vec4 8;
    %jmp/0xz  T_3.10, 8;
    %pushi/vec4 1, 0, 3;
    %assign/vec4 v0x3a5c5d20_0, 0;
    %jmp T_3.11;
T_3.10 ;
    %pushi/vec4 0, 0, 3;
    %assign/vec4 v0x3a5c5d20_0, 0;
T_3.11 ;
    %pushi/vec4 5, 0, 3;
    %assign/vec4 v0x3a5c57c0_0, 0;
    %pushi/vec4 0, 0, 3;
    %assign/vec4 v0x3a5c54a0_0, 0;
    %jmp T_3.9;
T_3.3 ;
    %pushi/vec4 5, 0, 3;
    %assign/vec4 v0x3a5c5d20_0, 0;
    %pushi/vec4 0, 0, 3;
    %assign/vec4 v0x3a5c57c0_0, 0;
    %pushi/vec4 5, 0, 3;
    %assign/vec4 v0x3a5c54a0_0, 0;
    %jmp T_3.9;
T_3.4 ;
    %pushi/vec4 5, 0, 3;
    %assign/vec4 v0x3a5c5d20_0, 0;
    %pushi/vec4 1, 0, 3;
    %assign/vec4 v0x3a5c57c0_0, 0;
    %pushi/vec4 5, 0, 3;
    %assign/vec4 v0x3a5c54a0_0, 0;
    %jmp T_3.9;
T_3.5 ;
    %pushi/vec4 5, 0, 3;
    %assign/vec4 v0x3a5c5d20_0, 0;
    %pushi/vec4 2, 0, 3;
    %assign/vec4 v0x3a5c57c0_0, 0;
    %pushi/vec4 5, 0, 3;
    %assign/vec4 v0x3a5c54a0_0, 0;
    %jmp T_3.9;
T_3.6 ;
    %pushi/vec4 5, 0, 3;
    %assign/vec4 v0x3a5c5d20_0, 0;
    %pushi/vec4 3, 0, 3;
    %assign/vec4 v0x3a5c57c0_0, 0;
    %pushi/vec4 5, 0, 3;
    %assign/vec4 v0x3a5c54a0_0, 0;
    %jmp T_3.9;
T_3.7 ;
    %load/vec4 v0x3a5c5640_0;
    %flag_set/vec4 8;
    %jmp/0xz  T_3.12, 8;
    %pushi/vec4 0, 0, 3;
    %assign/vec4 v0x3a5c5d20_0, 0;
    %jmp T_3.13;
T_3.12 ;
    %load/vec4 v0x3a5c54a0_0;
    %nor/r;
    %flag_set/vec4 8;
    %jmp/0xz  T_3.14, 8;
    %load/vec4 v0x3a5c57c0_0;
    %dup/vec4;
    %pushi/vec4 0, 0, 3;
    %cmp/u;
    %jmp/1 T_3.16, 6;
    %dup/vec4;
    %pushi/vec4 1, 0, 3;
    %cmp/u;
    %jmp/1 T_3.17, 6;
    %dup/vec4;
    %pushi/vec4 2, 0, 3;
    %cmp/u;
    %jmp/1 T_3.18, 6;
    %dup/vec4;
    %pushi/vec4 3, 0, 3;
    %cmp/u;
    %jmp/1 T_3.19, 6;
    %pushi/vec4 0, 0, 3;
    %assign/vec4 v0x3a5c5d20_0, 0;
    %jmp T_3.21;
T_3.16 ;
    %load/vec4 v0x3a5c5ba0_0;
    %flag_set/vec4 8;
    %jmp/0xz  T_3.22, 8;
    %pushi/vec4 5, 0, 3;
    %assign/vec4 v0x3a5c5d20_0, 0;
    %jmp T_3.23;
T_3.22 ;
    %pushi/vec4 2, 0, 3;
    %assign/vec4 v0x3a5c5d20_0, 0;
T_3.23 ;
    %jmp T_3.21;
T_3.17 ;
    %load/vec4 v0x3a5c5ba0_0;
    %flag_set/vec4 8;
    %jmp/0xz  T_3.24, 8;
    %pushi/vec4 5, 0, 3;
    %assign/vec4 v0x3a5c5d20_0, 0;
    %jmp T_3.25;
T_3.24 ;
    %pushi/vec4 3, 0, 3;
    %assign/vec4 v0x3a5c5d20_0, 0;
T_3.25 ;
    %jmp T_3.21;
T_3.18 ;
    %load/vec4 v0x3a5c5ba0_0;
    %flag_set/vec4 8;
    %jmp/0xz  T_3.26, 8;
    %pushi/vec4 5, 0, 3;
    %assign/vec4 v0x3a5c5d20_0, 0;
    %jmp T_3.27;
T_3.26 ;
    %pushi/vec4 4, 0, 3;
    %assign/vec4 v0x3a5c5d20_0, 0;
T_3.27 ;
    %jmp T_3.21;
T_3.19 ;
    %load/vec4 v0x3a5c5ba0_0;
    %flag_set/vec4 8;
    %jmp/0xz  T_3.28, 8;
    %pushi/vec4 5, 0, 3;
    %assign/vec4 v0x3a5c5d20_0, 0;
    %jmp T_3.29;
T_3.28 ;
    %pushi/vec4 1, 0, 3;
    %assign/vec4 v0x3a5c5d20_0, 0;
T_3.29 ;
    %jmp T_3.21;
T_3.21 ;
    %pop/vec4 1;
    %jmp T_3.15;
T_3.14 ;
    %load/vec4 v0x3a5c54a0_0;
    %subi 1, 0, 3;
    %assign/vec4 v0x3a5c54a0_0, 0;
    %pushi/vec4 5, 0, 3;
    %assign/vec4 v0x3a5c5d20_0, 0;
T_3.15 ;
T_3.13 ;
    %jmp T_3.9;
T_3.9 ;
    %pop/vec4 1;
T_3.1 ;
    %jmp T_3;
    .thread T_3;
    .scope S_0x3a580040;
T_4 ;
    %wait E_0x3a5a6e40;
    %load/vec4 v0x3a5c5d20_0;
    %dup/vec4;
    %pushi/vec4 0, 0, 3;
    %cmp/u;
    %jmp/1 T_4.0, 6;
    %dup/vec4;
    %pushi/vec4 1, 0, 3;
    %cmp/u;
    %jmp/1 T_4.1, 6;
    %dup/vec4;
    %pushi/vec4 2, 0, 3;
    %cmp/u;
    %jmp/1 T_4.2, 6;
    %dup/vec4;
    %pushi/vec4 3, 0, 3;
    %cmp/u;
    %jmp/1 T_4.3, 6;
    %dup/vec4;
    %pushi/vec4 4, 0, 3;
    %cmp/u;
    %jmp/1 T_4.4, 6;
    %dup/vec4;
    %pushi/vec4 5, 0, 3;
    %cmp/u;
    %jmp/1 T_4.5, 6;
    %pushi/vec4 0, 0, 1;
    %store/vec4 v0x3a5c58a0_0, 0, 1;
    %pushi/vec4 0, 0, 1;
    %store/vec4 v0x3a5c5960_0, 0, 1;
    %pushi/vec4 0, 0, 1;
    %store/vec4 v0x3a5c5a20_0, 0, 1;
    %pushi/vec4 0, 0, 1;
    %store/vec4 v0x3a5c5ae0_0, 0, 1;
    %pushi/vec4 1, 0, 1;
    %store/vec4 v0x3a5c5580_0, 0, 1;
    %jmp T_4.7;
T_4.0 ;
    %pushi/vec4 0, 0, 1;
    %store/vec4 v0x3a5c58a0_0, 0, 1;
    %pushi/vec4 0, 0, 1;
    %store/vec4 v0x3a5c5960_0, 0, 1;
    %pushi/vec4 0, 0, 1;
    %store/vec4 v0x3a5c5a20_0, 0, 1;
    %pushi/vec4 0, 0, 1;
    %store/vec4 v0x3a5c5ae0_0, 0, 1;
    %pushi/vec4 1, 0, 1;
    %store/vec4 v0x3a5c5580_0, 0, 1;
    %jmp T_4.7;
T_4.1 ;
    %pushi/vec4 1, 0, 1;
    %store/vec4 v0x3a5c58a0_0, 0, 1;
    %pushi/vec4 0, 0, 1;
    %store/vec4 v0x3a5c5960_0, 0, 1;
    %pushi/vec4 0, 0, 1;
    %store/vec4 v0x3a5c5a20_0, 0, 1;
    %pushi/vec4 0, 0, 1;
    %store/vec4 v0x3a5c5ae0_0, 0, 1;
    %pushi/vec4 0, 0, 1;
    %store/vec4 v0x3a5c5580_0, 0, 1;
    %jmp T_4.7;
T_4.2 ;
    %pushi/vec4 0, 0, 1;
    %store/vec4 v0x3a5c58a0_0, 0, 1;
    %pushi/vec4 1, 0, 1;
    %store/vec4 v0x3a5c5960_0, 0, 1;
    %pushi/vec4 0, 0, 1;
    %store/vec4 v0x3a5c5a20_0, 0, 1;
    %pushi/vec4 0, 0, 1;
    %store/vec4 v0x3a5c5ae0_0, 0, 1;
    %pushi/vec4 0, 0, 1;
    %store/vec4 v0x3a5c5580_0, 0, 1;
    %jmp T_4.7;
T_4.3 ;
    %pushi/vec4 0, 0, 1;
    %store/vec4 v0x3a5c58a0_0, 0, 1;
    %pushi/vec4 0, 0, 1;
    %store/vec4 v0x3a5c5960_0, 0, 1;
    %pushi/vec4 1, 0, 1;
    %store/vec4 v0x3a5c5a20_0, 0, 1;
    %pushi/vec4 0, 0, 1;
    %store/vec4 v0x3a5c5ae0_0, 0, 1;
    %pushi/vec4 0, 0, 1;
    %store/vec4 v0x3a5c5580_0, 0, 1;
    %jmp T_4.7;
T_4.4 ;
    %pushi/vec4 0, 0, 1;
    %store/vec4 v0x3a5c58a0_0, 0, 1;
    %pushi/vec4 0, 0, 1;
    %store/vec4 v0x3a5c5960_0, 0, 1;
    %pushi/vec4 0, 0, 1;
    %store/vec4 v0x3a5c5a20_0, 0, 1;
    %pushi/vec4 1, 0, 1;
    %store/vec4 v0x3a5c5ae0_0, 0, 1;
    %pushi/vec4 0, 0, 1;
    %store/vec4 v0x3a5c5580_0, 0, 1;
    %jmp T_4.7;
T_4.5 ;
    %pushi/vec4 0, 0, 1;
    %store/vec4 v0x3a5c5580_0, 0, 1;
    %load/vec4 v0x3a5c57c0_0;
    %dup/vec4;
    %pushi/vec4 0, 0, 3;
    %cmp/u;
    %jmp/1 T_4.8, 6;
    %dup/vec4;
    %pushi/vec4 1, 0, 3;
    %cmp/u;
    %jmp/1 T_4.9, 6;
    %dup/vec4;
    %pushi/vec4 2, 0, 3;
    %cmp/u;
    %jmp/1 T_4.10, 6;
    %dup/vec4;
    %pushi/vec4 3, 0, 3;
    %cmp/u;
    %jmp/1 T_4.11, 6;
    %pushi/vec4 0, 0, 1;
    %store/vec4 v0x3a5c58a0_0, 0, 1;
    %pushi/vec4 0, 0, 1;
    %store/vec4 v0x3a5c5960_0, 0, 1;
    %pushi/vec4 0, 0, 1;
    %store/vec4 v0x3a5c5a20_0, 0, 1;
    %pushi/vec4 0, 0, 1;
    %store/vec4 v0x3a5c5ae0_0, 0, 1;
    %jmp T_4.13;
T_4.8 ;
    %pushi/vec4 1, 0, 1;
    %store/vec4 v0x3a5c58a0_0, 0, 1;
    %pushi/vec4 0, 0, 1;
    %store/vec4 v0x3a5c5960_0, 0, 1;
    %pushi/vec4 0, 0, 1;
    %store/vec4 v0x3a5c5a20_0, 0, 1;
    %pushi/vec4 0, 0, 1;
    %store/vec4 v0x3a5c5ae0_0, 0, 1;
    %jmp T_4.13;
T_4.9 ;
    %pushi/vec4 0, 0, 1;
    %store/vec4 v0x3a5c58a0_0, 0, 1;
    %pushi/vec4 1, 0, 1;
    %store/vec4 v0x3a5c5960_0, 0, 1;
    %pushi/vec4 0, 0, 1;
    %store/vec4 v0x3a5c5a20_0, 0, 1;
    %pushi/vec4 0, 0, 1;
    %store/vec4 v0x3a5c5ae0_0, 0, 1;
    %jmp T_4.13;
T_4.10 ;
    %pushi/vec4 0, 0, 1;
    %store/vec4 v0x3a5c58a0_0, 0, 1;
    %pushi/vec4 0, 0, 1;
    %store/vec4 v0x3a5c5960_0, 0, 1;
    %pushi/vec4 1, 0, 1;
    %store/vec4 v0x3a5c5a20_0, 0, 1;
    %pushi/vec4 0, 0, 1;
    %store/vec4 v0x3a5c5ae0_0, 0, 1;
    %jmp T_4.13;
T_4.11 ;
    %pushi/vec4 0, 0, 1;
    %store/vec4 v0x3a5c58a0_0, 0, 1;
    %pushi/vec4 0, 0, 1;
    %store/vec4 v0x3a5c5960_0, 0, 1;
    %pushi/vec4 0, 0, 1;
    %store/vec4 v0x3a5c5a20_0, 0, 1;
    %pushi/vec4 1, 0, 1;
    %store/vec4 v0x3a5c5ae0_0, 0, 1;
    %jmp T_4.13;
T_4.13 ;
    %pop/vec4 1;
    %jmp T_4.7;
T_4.7 ;
    %pop/vec4 1;
    %jmp T_4;
    .thread T_4, $push;
    .scope S_0x3a57a1e0;
T_5 ;
    %pushi/vec4 0, 0, 1;
    %store/vec4 v0x3a5c8b70_0, 0, 1;
    %pushi/vec4 0, 0, 1;
    %store/vec4 v0x3a5c8d50_0, 0, 1;
    %pushi/vec4 0, 0, 1;
    %store/vec4 v0x3a5c8cb0_0, 0, 1;
    %pushi/vec4 0, 0, 1;
    %store/vec4 v0x3a5c85e0_0, 0, 1;
    %pushi/vec4 0, 0, 1;
    %store/vec4 v0x3a5c86a0_0, 0, 1;
    %pushi/vec4 0, 0, 1;
    %store/vec4 v0x3a5c8760_0, 0, 1;
    %pushi/vec4 0, 0, 1;
    %store/vec4 v0x3a5c8800_0, 0, 1;
    %end;
    .thread T_5;
    .scope S_0x3a57a1e0;
T_6 ;
    %pushi/vec4 0, 0, 1;
    %assign/vec4 v0x3a5c8b70_0, 0;
    %end;
    .thread T_6;
    .scope S_0x3a57a1e0;
T_7 ;
    %delay 10000, 0;
    %load/vec4 v0x3a5c8b70_0;
    %inv;
    %assign/vec4 v0x3a5c8b70_0, 0;
    %jmp T_7;
    .thread T_7;
    .scope S_0x3a57a1e0;
T_8 ;
    %wait E_0x3a5a74c0;
    %pushi/vec4 1, 0, 1;
    %store/vec4 v0x3a5c8d50_0, 0, 1;
    %wait E_0x3a5a74c0;
    %pushi/vec4 0, 0, 1;
    %store/vec4 v0x3a5c8d50_0, 0, 1;
    %wait E_0x3a5a75f0;
    %pushi/vec4 1, 0, 1;
    %store/vec4 v0x3a5c8cb0_0, 0, 1;
    %delay 40000, 0;
    %pushi/vec4 0, 0, 1;
    %store/vec4 v0x3a5c8cb0_0, 0, 1;
    %delay 80000, 0;
    %pushi/vec4 1, 0, 1;
    %store/vec4 v0x3a5c85e0_0, 0, 1;
    %delay 40000, 0;
    %pushi/vec4 0, 0, 1;
    %store/vec4 v0x3a5c85e0_0, 0, 1;
    %delay 20000, 0;
    %pushi/vec4 1, 0, 1;
    %store/vec4 v0x3a5c86a0_0, 0, 1;
    %delay 20000, 0;
    %pushi/vec4 1, 0, 1;
    %store/vec4 v0x3a5c8760_0, 0, 1;
    %delay 40000, 0;
    %pushi/vec4 0, 0, 1;
    %store/vec4 v0x3a5c86a0_0, 0, 1;
    %pushi/vec4 0, 0, 1;
    %store/vec4 v0x3a5c8760_0, 0, 1;
    %delay 120000, 0;
    %pushi/vec4 1, 0, 1;
    %store/vec4 v0x3a5c85e0_0, 0, 1;
    %delay 800000, 0;
T_8.0 ;
    %load/vec4 v0x3a5c8c10_0;
    %cmpi/ne 1, 0, 1;
    %jmp/0xz T_8.1, 6;
    %wait E_0x3a58d780;
    %jmp T_8.0;
T_8.1 ;
    %delay 20000, 0;
    %pushi/vec4 1, 0, 1;
    %store/vec4 v0x3a5c8cb0_0, 0, 1;
    %delay 40000, 0;
    %pushi/vec4 0, 0, 1;
    %store/vec4 v0x3a5c8cb0_0, 0, 1;
    %end;
    .thread T_8;
    .scope S_0x3a57a1e0;
T_9 ;
    %fork t_1, S_0x3a57a410;
    %jmp t_0;
    .scope S_0x3a57a410;
t_1 ;
    %vpi_call 2 79 "$dumpfile", "Teclado_TB.vcd" {0 0 0};
    %vpi_call 2 80 "$dumpvars", 32'sb11111111111111111111111111111111, S_0x3a57a1e0 {0 0 0};
    %delay 4000000, 0;
    %vpi_call 2 81 "$finish" {0 0 0};
    %end;
    .scope S_0x3a57a1e0;
t_0 %join;
    %end;
    .thread T_9;
# The file index is used to find the file name in the following table.
:file_names 4;
    "N/A";
    "<interactive>";
    "Teclado_TB.v";
    "Teclado.v";
# EOF
