#! /usr/bin/vvp
:ivl_version "12.0 (stable)";
:ivl_delay_selection "TYPICAL";
:vpi_time_precision - 12;
:vpi_module "/usr/lib/x86_64-linux-gnu/ivl/system.vpi";
:vpi_module "/usr/lib/x86_64-linux-gnu/ivl/vhdl_sys.vpi";
:vpi_module "/usr/lib/x86_64-linux-gnu/ivl/vhdl_textio.vpi";
:vpi_module "/usr/lib/x86_64-linux-gnu/ivl/v2005_math.vpi";
:vpi_module "/usr/lib/x86_64-linux-gnu/ivl/va_math.vpi";
S_0x578507cb9490 .scope module, "addsub_16_TB" "addsub_16_TB" 2 3;
 .timescale -9 -12;
P_0x578507d24900 .param/real "DUTY_CYCLE" 0 2 21, Cr<m4000000000000000gfc1>; value=0.500000
P_0x578507d24940 .param/l "PERIOD" 0 2 20, +C4<00000000000000000000000000010100>;
v0x578507d493d0_0 .var "A", 15 0;
v0x578507d49500_0 .var "B", 15 0;
v0x578507d495c0_0 .net "carry", 0 0, v0x578507d44330_0;  1 drivers
v0x578507d49660_0 .var "clk", 0 0;
v0x578507d49810_0 .net "done", 0 0, v0x578507d44ed0_0;  1 drivers
v0x578507d49950_0 .var/i "errors", 31 0;
v0x578507d499f0_0 .var "init", 0 0;
v0x578507d49ae0_0 .net "overflow", 0 0, v0x578507d46c30_0;  1 drivers
v0x578507d49bd0_0 .net "result", 15 0, v0x578507d473c0_0;  1 drivers
v0x578507d49c90_0 .var "rst", 0 0;
v0x578507d49d80_0 .var "sub", 0 0;
S_0x578507cb96c0 .scope begin, "TEST_CASE" "TEST_CASE" 2 88, 2 88 0, S_0x578507cb9490;
 .timescale -9 -12;
S_0x578507d09890 .scope task, "run_case" "run_case" 2 33, 2 33 0, S_0x578507cb9490;
 .timescale -9 -12;
v0x578507d1d2e0_0 .var "t_A", 15 0;
v0x578507d1f000_0 .var "t_B", 15 0;
v0x578507d21f70_0 .var "t_carry", 0 0;
v0x578507d1c690_0 .var "t_overflow", 0 0;
v0x578507cea750_0 .var "t_result", 15 0;
v0x578507ceadf0_0 .var "t_sub", 0 0;
E_0x578507cff6c0 .event negedge, v0x578507d444d0_0;
E_0x578507cffa10 .event anyedge, v0x578507d44ed0_0;
TD_addsub_16_TB.run_case ;
    %wait E_0x578507cff6c0;
    %load/vec4 v0x578507d1d2e0_0;
    %store/vec4 v0x578507d493d0_0, 0, 16;
    %load/vec4 v0x578507d1f000_0;
    %store/vec4 v0x578507d49500_0, 0, 16;
    %load/vec4 v0x578507ceadf0_0;
    %store/vec4 v0x578507d49d80_0, 0, 1;
    %pushi/vec4 1, 0, 1;
    %store/vec4 v0x578507d499f0_0, 0, 1;
    %wait E_0x578507cff6c0;
    %wait E_0x578507cff6c0;
    %pushi/vec4 0, 0, 1;
    %store/vec4 v0x578507d499f0_0, 0, 1;
T_0.0 ;
    %load/vec4 v0x578507d49810_0;
    %pushi/vec4 1, 0, 1;
    %cmp/e;
    %flag_get/vec4 4;
    %cmpi/ne 1, 0, 1;
    %jmp/0xz T_0.1, 6;
    %wait E_0x578507cffa10;
    %jmp T_0.0;
T_0.1 ;
    %wait E_0x578507cff6c0;
    %load/vec4 v0x578507d49bd0_0;
    %load/vec4 v0x578507cea750_0;
    %cmp/ne;
    %jmp/1 T_0.5, 4;
    %flag_mov 8, 4;
    %load/vec4 v0x578507d495c0_0;
    %load/vec4 v0x578507d21f70_0;
    %cmp/ne;
    %flag_or 4, 8;
T_0.5;
    %jmp/1 T_0.4, 4;
    %flag_mov 8, 4;
    %load/vec4 v0x578507d49ae0_0;
    %load/vec4 v0x578507d1c690_0;
    %cmp/ne;
    %flag_or 4, 8;
T_0.4;
    %jmp/0xz  T_0.2, 4;
    %load/vec4 v0x578507d49950_0;
    %addi 1, 0, 32;
    %store/vec4 v0x578507d49950_0, 0, 32;
    %vpi_call 2 51 "$display", "FAIL: A=%h B=%h sub=%b -> result=%h carry=%b overflow=%b (expected result=%h carry=%b overflow=%b)", v0x578507d1d2e0_0, v0x578507d1f000_0, v0x578507ceadf0_0, v0x578507d49bd0_0, v0x578507d495c0_0, v0x578507d49ae0_0, v0x578507cea750_0, v0x578507d21f70_0, v0x578507d1c690_0 {0 0 0};
    %jmp T_0.3;
T_0.2 ;
    %vpi_call 2 54 "$display", "PASS: A=%h B=%h sub=%b -> result=%h carry=%b overflow=%b", v0x578507d1d2e0_0, v0x578507d1f000_0, v0x578507ceadf0_0, v0x578507d49bd0_0, v0x578507d495c0_0, v0x578507d49ae0_0 {0 0 0};
T_0.3 ;
    %end;
S_0x578507d43e70 .scope module, "uut" "addsub_16" 2 17, 3 1 0, S_0x578507cb9490;
 .timescale -9 -12;
    .port_info 0 /INPUT 1 "clk";
    .port_info 1 /INPUT 1 "rst";
    .port_info 2 /INPUT 1 "init";
    .port_info 3 /INPUT 16 "A";
    .port_info 4 /INPUT 16 "B";
    .port_info 5 /INPUT 1 "sub";
    .port_info 6 /OUTPUT 16 "result";
    .port_info 7 /OUTPUT 1 "carry";
    .port_info 8 /OUTPUT 1 "overflow";
    .port_info 9 /OUTPUT 1 "done";
L_0x578507d1eee0 .functor XOR 16, v0x578507d49500_0, L_0x578507d49e70, C4<0000000000000000>, C4<0000000000000000>;
L_0x578507d4a710 .functor XOR 1, v0x578507d44330_0, L_0x578507d4a3a0, C4<0>, C4<0>;
v0x578507d482d0_0 .net "A", 15 0, v0x578507d493d0_0;  1 drivers
v0x578507d483b0_0 .net "B", 15 0, v0x578507d49500_0;  1 drivers
v0x578507d48470_0 .net *"_ivl_0", 15 0, L_0x578507d49e70;  1 drivers
v0x578507d48560_0 .net "carry", 0 0, v0x578507d44330_0;  alias, 1 drivers
v0x578507d48650_0 .net "clk", 0 0, v0x578507d49660_0;  1 drivers
v0x578507d48740_0 .net "done", 0 0, v0x578507d44ed0_0;  alias, 1 drivers
v0x578507d487e0_0 .net "init", 0 0, v0x578507d499f0_0;  1 drivers
v0x578507d48880_0 .net "overflow", 0 0, v0x578507d46c30_0;  alias, 1 drivers
v0x578507d48950_0 .net "result", 15 0, v0x578507d473c0_0;  alias, 1 drivers
v0x578507d48ab0_0 .net "rst", 0 0, v0x578507d49c90_0;  1 drivers
v0x578507d48b80_0 .net "sub", 0 0, v0x578507d49d80_0;  1 drivers
v0x578507d48c50_0 .net "w_Beff", 15 0, L_0x578507d1eee0;  1 drivers
v0x578507d48d20_0 .net "w_calc", 0 0, v0x578507d44d70_0;  1 drivers
v0x578507d48dc0_0 .net "w_cout", 0 0, L_0x578507d4a3a0;  1 drivers
v0x578507d48e60_0 .net "w_last", 0 0, L_0x578507d4a860;  1 drivers
v0x578507d48f50_0 .net "w_load", 0 0, v0x578507d45100_0;  1 drivers
v0x578507d48ff0_0 .net "w_ov_in", 0 0, L_0x578507d4a710;  1 drivers
v0x578507d49090_0 .net "w_sA", 15 0, v0x578507d47a30_0;  1 drivers
v0x578507d49130_0 .net "w_sB", 15 0, v0x578507d48080_0;  1 drivers
v0x578507d49200_0 .net "w_sum", 0 0, L_0x578507d1c570;  1 drivers
LS_0x578507d49e70_0_0 .concat [ 1 1 1 1], v0x578507d49d80_0, v0x578507d49d80_0, v0x578507d49d80_0, v0x578507d49d80_0;
LS_0x578507d49e70_0_4 .concat [ 1 1 1 1], v0x578507d49d80_0, v0x578507d49d80_0, v0x578507d49d80_0, v0x578507d49d80_0;
LS_0x578507d49e70_0_8 .concat [ 1 1 1 1], v0x578507d49d80_0, v0x578507d49d80_0, v0x578507d49d80_0, v0x578507d49d80_0;
LS_0x578507d49e70_0_12 .concat [ 1 1 1 1], v0x578507d49d80_0, v0x578507d49d80_0, v0x578507d49d80_0, v0x578507d49d80_0;
L_0x578507d49e70 .concat [ 4 4 4 4], LS_0x578507d49e70_0_0, LS_0x578507d49e70_0_4, LS_0x578507d49e70_0_8, LS_0x578507d49e70_0_12;
L_0x578507d4a4b0 .part v0x578507d47a30_0, 0, 1;
L_0x578507d4a5e0 .part v0x578507d48080_0, 0, 1;
S_0x578507d44150 .scope module, "carry0" "carry_addsub" 3 35, 4 1 0, S_0x578507d43e70;
 .timescale -9 -12;
    .port_info 0 /INPUT 1 "clk";
    .port_info 1 /INPUT 1 "cin_init";
    .port_info 2 /INPUT 1 "cout";
    .port_info 3 /INPUT 1 "load";
    .port_info 4 /INPUT 1 "upd";
    .port_info 5 /OUTPUT 1 "carry";
v0x578507d44330_0 .var "carry", 0 0;
v0x578507d44410_0 .net "cin_init", 0 0, v0x578507d49d80_0;  alias, 1 drivers
v0x578507d444d0_0 .net "clk", 0 0, v0x578507d49660_0;  alias, 1 drivers
v0x578507d44570_0 .net "cout", 0 0, L_0x578507d4a3a0;  alias, 1 drivers
v0x578507d44630_0 .net "load", 0 0, v0x578507d45100_0;  alias, 1 drivers
v0x578507d44740_0 .net "upd", 0 0, v0x578507d44d70_0;  alias, 1 drivers
S_0x578507d448c0 .scope module, "control0" "control_addsub" 3 46, 5 1 0, S_0x578507d43e70;
 .timescale -9 -12;
    .port_info 0 /INPUT 1 "clk";
    .port_info 1 /INPUT 1 "rst";
    .port_info 2 /INPUT 1 "init";
    .port_info 3 /INPUT 1 "last";
    .port_info 4 /OUTPUT 1 "done";
    .port_info 5 /OUTPUT 1 "load";
    .port_info 6 /OUTPUT 1 "calc";
P_0x578507d24a70 .param/l "COMPUTE" 0 5 14, C4<10>;
P_0x578507d24ab0 .param/l "END" 0 5 15, C4<11>;
P_0x578507d24af0 .param/l "LOAD" 0 5 13, C4<01>;
P_0x578507d24b30 .param/l "START" 0 5 12, C4<00>;
v0x578507d44d70_0 .var "calc", 0 0;
v0x578507d44e30_0 .net "clk", 0 0, v0x578507d49660_0;  alias, 1 drivers
v0x578507d44ed0_0 .var "done", 0 0;
v0x578507d44f70_0 .net "init", 0 0, v0x578507d499f0_0;  alias, 1 drivers
v0x578507d45010_0 .net "last", 0 0, L_0x578507d4a860;  alias, 1 drivers
v0x578507d45100_0 .var "load", 0 0;
v0x578507d451a0_0 .net "rst", 0 0, v0x578507d49c90_0;  alias, 1 drivers
v0x578507d45240_0 .var "state", 1 0;
v0x578507d45320_0 .var "state_name", 320 1;
E_0x578507d28bf0 .event anyedge, v0x578507d45240_0;
E_0x578507d29250 .event posedge, v0x578507d444d0_0;
S_0x578507d45520 .scope module, "count0" "count_addsub" 3 44, 6 1 0, S_0x578507d43e70;
 .timescale -9 -12;
    .port_info 0 /INPUT 1 "clk";
    .port_info 1 /INPUT 1 "load";
    .port_info 2 /INPUT 1 "inc";
    .port_info 3 /OUTPUT 1 "last";
L_0x7a7a97c87018 .functor BUFT 1, C4<10000>, C4<0>, C4<0>, C4<0>;
v0x578507d45710_0 .net/2u *"_ivl_0", 4 0, L_0x7a7a97c87018;  1 drivers
v0x578507d457f0_0 .net "clk", 0 0, v0x578507d49660_0;  alias, 1 drivers
v0x578507d45900_0 .var "cnt", 4 0;
v0x578507d459a0_0 .net "inc", 0 0, v0x578507d44d70_0;  alias, 1 drivers
v0x578507d45a90_0 .net "last", 0 0, L_0x578507d4a860;  alias, 1 drivers
v0x578507d45b80_0 .net "load", 0 0, v0x578507d45100_0;  alias, 1 drivers
L_0x578507d4a860 .cmp/eq 5, v0x578507d45900_0, L_0x7a7a97c87018;
S_0x578507d45cd0 .scope module, "fa0" "fa_addsub" 3 33, 7 1 0, S_0x578507d43e70;
 .timescale -9 -12;
    .port_info 0 /INPUT 1 "a";
    .port_info 1 /INPUT 1 "b";
    .port_info 2 /INPUT 1 "cin";
    .port_info 3 /OUTPUT 1 "sum";
    .port_info 4 /OUTPUT 1 "cout";
L_0x578507d21d70 .functor XOR 1, L_0x578507d4a4b0, L_0x578507d4a5e0, C4<0>, C4<0>;
L_0x578507d1c570 .functor XOR 1, L_0x578507d21d70, v0x578507d44330_0, C4<0>, C4<0>;
L_0x578507cea630 .functor AND 1, L_0x578507d4a4b0, L_0x578507d4a5e0, C4<1>, C4<1>;
L_0x578507ceac90 .functor AND 1, L_0x578507d4a4b0, v0x578507d44330_0, C4<1>, C4<1>;
L_0x578507ceaec0 .functor OR 1, L_0x578507cea630, L_0x578507ceac90, C4<0>, C4<0>;
L_0x578507d4a2f0 .functor AND 1, L_0x578507d4a5e0, v0x578507d44330_0, C4<1>, C4<1>;
L_0x578507d4a3a0 .functor OR 1, L_0x578507ceaec0, L_0x578507d4a2f0, C4<0>, C4<0>;
v0x578507d45eb0_0 .net *"_ivl_0", 0 0, L_0x578507d21d70;  1 drivers
v0x578507d45fb0_0 .net *"_ivl_10", 0 0, L_0x578507d4a2f0;  1 drivers
v0x578507d46090_0 .net *"_ivl_4", 0 0, L_0x578507cea630;  1 drivers
v0x578507d46150_0 .net *"_ivl_6", 0 0, L_0x578507ceac90;  1 drivers
v0x578507d46230_0 .net *"_ivl_8", 0 0, L_0x578507ceaec0;  1 drivers
v0x578507d46360_0 .net "a", 0 0, L_0x578507d4a4b0;  1 drivers
v0x578507d46420_0 .net "b", 0 0, L_0x578507d4a5e0;  1 drivers
v0x578507d464e0_0 .net "cin", 0 0, v0x578507d44330_0;  alias, 1 drivers
v0x578507d46580_0 .net "cout", 0 0, L_0x578507d4a3a0;  alias, 1 drivers
v0x578507d466e0_0 .net "sum", 0 0, L_0x578507d1c570;  alias, 1 drivers
S_0x578507d46830 .scope module, "ov0" "ov_addsub" 3 40, 8 1 0, S_0x578507d43e70;
 .timescale -9 -12;
    .port_info 0 /INPUT 1 "clk";
    .port_info 1 /INPUT 1 "ov_in";
    .port_info 2 /INPUT 1 "load";
    .port_info 3 /INPUT 1 "upd";
    .port_info 4 /OUTPUT 1 "overflow";
v0x578507d46a10_0 .net "clk", 0 0, v0x578507d49660_0;  alias, 1 drivers
v0x578507d46ad0_0 .net "load", 0 0, v0x578507d45100_0;  alias, 1 drivers
v0x578507d46b90_0 .net "ov_in", 0 0, L_0x578507d4a710;  alias, 1 drivers
v0x578507d46c30_0 .var "overflow", 0 0;
v0x578507d46cd0_0 .net "upd", 0 0, v0x578507d44d70_0;  alias, 1 drivers
S_0x578507d46e60 .scope module, "res0" "res_addsub" 3 42, 9 1 0, S_0x578507d43e70;
 .timescale -9 -12;
    .port_info 0 /INPUT 1 "clk";
    .port_info 1 /INPUT 1 "bit_in";
    .port_info 2 /INPUT 1 "load";
    .port_info 3 /INPUT 1 "shift";
    .port_info 4 /OUTPUT 16 "result";
v0x578507d47040_0 .net "bit_in", 0 0, L_0x578507d1c570;  alias, 1 drivers
v0x578507d47130_0 .net "clk", 0 0, v0x578507d49660_0;  alias, 1 drivers
v0x578507d47260_0 .net "load", 0 0, v0x578507d45100_0;  alias, 1 drivers
v0x578507d473c0_0 .var "result", 15 0;
v0x578507d47460_0 .net "shift", 0 0, v0x578507d44d70_0;  alias, 1 drivers
S_0x578507d47630 .scope module, "sra0" "sra_addsub" 3 30, 10 1 0, S_0x578507d43e70;
 .timescale -9 -12;
    .port_info 0 /INPUT 1 "clk";
    .port_info 1 /INPUT 16 "in_A";
    .port_info 2 /INPUT 1 "shift";
    .port_info 3 /INPUT 1 "load";
    .port_info 4 /OUTPUT 16 "s_A";
v0x578507d477c0_0 .net "clk", 0 0, v0x578507d49660_0;  alias, 1 drivers
v0x578507d47880_0 .net "in_A", 15 0, v0x578507d493d0_0;  alias, 1 drivers
v0x578507d47960_0 .net "load", 0 0, v0x578507d45100_0;  alias, 1 drivers
v0x578507d47a30_0 .var "s_A", 15 0;
v0x578507d47af0_0 .net "shift", 0 0, v0x578507d44d70_0;  alias, 1 drivers
S_0x578507d47c30 .scope module, "srb0" "srb_addsub" 3 31, 11 1 0, S_0x578507d43e70;
 .timescale -9 -12;
    .port_info 0 /INPUT 1 "clk";
    .port_info 1 /INPUT 16 "in_B";
    .port_info 2 /INPUT 1 "shift";
    .port_info 3 /INPUT 1 "load";
    .port_info 4 /OUTPUT 16 "s_B";
v0x578507d47e10_0 .net "clk", 0 0, v0x578507d49660_0;  alias, 1 drivers
v0x578507d47ed0_0 .net "in_B", 15 0, L_0x578507d1eee0;  alias, 1 drivers
v0x578507d47fb0_0 .net "load", 0 0, v0x578507d45100_0;  alias, 1 drivers
v0x578507d48080_0 .var "s_B", 15 0;
v0x578507d48140_0 .net "shift", 0 0, v0x578507d44d70_0;  alias, 1 drivers
    .scope S_0x578507d47630;
T_1 ;
    %wait E_0x578507cff6c0;
    %load/vec4 v0x578507d47960_0;
    %flag_set/vec4 8;
    %jmp/0xz  T_1.0, 8;
    %load/vec4 v0x578507d47880_0;
    %store/vec4 v0x578507d47a30_0, 0, 16;
    %jmp T_1.1;
T_1.0 ;
    %load/vec4 v0x578507d47af0_0;
    %flag_set/vec4 8;
    %jmp/0xz  T_1.2, 8;
    %load/vec4 v0x578507d47a30_0;
    %ix/load 4, 1, 0;
    %flag_set/imm 4, 0;
    %shiftr 4;
    %store/vec4 v0x578507d47a30_0, 0, 16;
    %jmp T_1.3;
T_1.2 ;
    %load/vec4 v0x578507d47a30_0;
    %store/vec4 v0x578507d47a30_0, 0, 16;
T_1.3 ;
T_1.1 ;
    %jmp T_1;
    .thread T_1;
    .scope S_0x578507d47c30;
T_2 ;
    %wait E_0x578507cff6c0;
    %load/vec4 v0x578507d47fb0_0;
    %flag_set/vec4 8;
    %jmp/0xz  T_2.0, 8;
    %load/vec4 v0x578507d47ed0_0;
    %store/vec4 v0x578507d48080_0, 0, 16;
    %jmp T_2.1;
T_2.0 ;
    %load/vec4 v0x578507d48140_0;
    %flag_set/vec4 8;
    %jmp/0xz  T_2.2, 8;
    %load/vec4 v0x578507d48080_0;
    %ix/load 4, 1, 0;
    %flag_set/imm 4, 0;
    %shiftr 4;
    %store/vec4 v0x578507d48080_0, 0, 16;
    %jmp T_2.3;
T_2.2 ;
    %load/vec4 v0x578507d48080_0;
    %store/vec4 v0x578507d48080_0, 0, 16;
T_2.3 ;
T_2.1 ;
    %jmp T_2;
    .thread T_2;
    .scope S_0x578507d44150;
T_3 ;
    %pushi/vec4 0, 0, 1;
    %store/vec4 v0x578507d44330_0, 0, 1;
    %end;
    .thread T_3;
    .scope S_0x578507d44150;
T_4 ;
    %wait E_0x578507cff6c0;
    %load/vec4 v0x578507d44630_0;
    %flag_set/vec4 8;
    %jmp/0xz  T_4.0, 8;
    %load/vec4 v0x578507d44410_0;
    %store/vec4 v0x578507d44330_0, 0, 1;
    %jmp T_4.1;
T_4.0 ;
    %load/vec4 v0x578507d44740_0;
    %flag_set/vec4 8;
    %jmp/0xz  T_4.2, 8;
    %load/vec4 v0x578507d44570_0;
    %store/vec4 v0x578507d44330_0, 0, 1;
    %jmp T_4.3;
T_4.2 ;
    %load/vec4 v0x578507d44330_0;
    %store/vec4 v0x578507d44330_0, 0, 1;
T_4.3 ;
T_4.1 ;
    %jmp T_4;
    .thread T_4;
    .scope S_0x578507d46830;
T_5 ;
    %pushi/vec4 0, 0, 1;
    %store/vec4 v0x578507d46c30_0, 0, 1;
    %end;
    .thread T_5;
    .scope S_0x578507d46830;
T_6 ;
    %wait E_0x578507cff6c0;
    %load/vec4 v0x578507d46ad0_0;
    %flag_set/vec4 8;
    %jmp/0xz  T_6.0, 8;
    %pushi/vec4 0, 0, 1;
    %store/vec4 v0x578507d46c30_0, 0, 1;
    %jmp T_6.1;
T_6.0 ;
    %load/vec4 v0x578507d46cd0_0;
    %flag_set/vec4 8;
    %jmp/0xz  T_6.2, 8;
    %load/vec4 v0x578507d46b90_0;
    %store/vec4 v0x578507d46c30_0, 0, 1;
    %jmp T_6.3;
T_6.2 ;
    %load/vec4 v0x578507d46c30_0;
    %store/vec4 v0x578507d46c30_0, 0, 1;
T_6.3 ;
T_6.1 ;
    %jmp T_6;
    .thread T_6;
    .scope S_0x578507d46e60;
T_7 ;
    %pushi/vec4 0, 0, 16;
    %store/vec4 v0x578507d473c0_0, 0, 16;
    %end;
    .thread T_7;
    .scope S_0x578507d46e60;
T_8 ;
    %wait E_0x578507cff6c0;
    %load/vec4 v0x578507d47260_0;
    %flag_set/vec4 8;
    %jmp/0xz  T_8.0, 8;
    %pushi/vec4 0, 0, 16;
    %store/vec4 v0x578507d473c0_0, 0, 16;
    %jmp T_8.1;
T_8.0 ;
    %load/vec4 v0x578507d47460_0;
    %flag_set/vec4 8;
    %jmp/0xz  T_8.2, 8;
    %load/vec4 v0x578507d47040_0;
    %load/vec4 v0x578507d473c0_0;
    %parti/s 15, 1, 2;
    %concat/vec4; draw_concat_vec4
    %store/vec4 v0x578507d473c0_0, 0, 16;
    %jmp T_8.3;
T_8.2 ;
    %load/vec4 v0x578507d473c0_0;
    %store/vec4 v0x578507d473c0_0, 0, 16;
T_8.3 ;
T_8.1 ;
    %jmp T_8;
    .thread T_8;
    .scope S_0x578507d45520;
T_9 ;
    %pushi/vec4 0, 0, 5;
    %store/vec4 v0x578507d45900_0, 0, 5;
    %end;
    .thread T_9;
    .scope S_0x578507d45520;
T_10 ;
    %wait E_0x578507cff6c0;
    %load/vec4 v0x578507d45b80_0;
    %flag_set/vec4 8;
    %jmp/0xz  T_10.0, 8;
    %pushi/vec4 0, 0, 5;
    %store/vec4 v0x578507d45900_0, 0, 5;
    %jmp T_10.1;
T_10.0 ;
    %load/vec4 v0x578507d459a0_0;
    %flag_set/vec4 8;
    %jmp/0xz  T_10.2, 8;
    %load/vec4 v0x578507d45900_0;
    %addi 1, 0, 5;
    %store/vec4 v0x578507d45900_0, 0, 5;
    %jmp T_10.3;
T_10.2 ;
    %load/vec4 v0x578507d45900_0;
    %store/vec4 v0x578507d45900_0, 0, 5;
T_10.3 ;
T_10.1 ;
    %jmp T_10;
    .thread T_10;
    .scope S_0x578507d448c0;
T_11 ;
    %pushi/vec4 0, 0, 1;
    %store/vec4 v0x578507d44ed0_0, 0, 1;
    %pushi/vec4 0, 0, 1;
    %store/vec4 v0x578507d45100_0, 0, 1;
    %pushi/vec4 0, 0, 1;
    %store/vec4 v0x578507d44d70_0, 0, 1;
    %pushi/vec4 0, 0, 2;
    %store/vec4 v0x578507d45240_0, 0, 2;
    %end;
    .thread T_11;
    .scope S_0x578507d448c0;
T_12 ;
    %wait E_0x578507d29250;
    %load/vec4 v0x578507d451a0_0;
    %flag_set/vec4 8;
    %jmp/0xz  T_12.0, 8;
    %pushi/vec4 0, 0, 2;
    %store/vec4 v0x578507d45240_0, 0, 2;
    %jmp T_12.1;
T_12.0 ;
    %load/vec4 v0x578507d45240_0;
    %dup/vec4;
    %pushi/vec4 0, 0, 2;
    %cmp/u;
    %jmp/1 T_12.2, 6;
    %dup/vec4;
    %pushi/vec4 1, 0, 2;
    %cmp/u;
    %jmp/1 T_12.3, 6;
    %dup/vec4;
    %pushi/vec4 2, 0, 2;
    %cmp/u;
    %jmp/1 T_12.4, 6;
    %dup/vec4;
    %pushi/vec4 3, 0, 2;
    %cmp/u;
    %jmp/1 T_12.5, 6;
    %pushi/vec4 0, 0, 2;
    %store/vec4 v0x578507d45240_0, 0, 2;
    %jmp T_12.7;
T_12.2 ;
    %load/vec4 v0x578507d44f70_0;
    %flag_set/vec4 8;
    %jmp/0xz  T_12.8, 8;
    %pushi/vec4 1, 0, 2;
    %store/vec4 v0x578507d45240_0, 0, 2;
    %jmp T_12.9;
T_12.8 ;
    %pushi/vec4 0, 0, 2;
    %store/vec4 v0x578507d45240_0, 0, 2;
T_12.9 ;
    %jmp T_12.7;
T_12.3 ;
    %pushi/vec4 2, 0, 2;
    %store/vec4 v0x578507d45240_0, 0, 2;
    %jmp T_12.7;
T_12.4 ;
    %load/vec4 v0x578507d45010_0;
    %flag_set/vec4 8;
    %jmp/0xz  T_12.10, 8;
    %pushi/vec4 3, 0, 2;
    %store/vec4 v0x578507d45240_0, 0, 2;
    %jmp T_12.11;
T_12.10 ;
    %pushi/vec4 2, 0, 2;
    %store/vec4 v0x578507d45240_0, 0, 2;
T_12.11 ;
    %jmp T_12.7;
T_12.5 ;
    %load/vec4 v0x578507d44f70_0;
    %flag_set/vec4 8;
    %jmp/0xz  T_12.12, 8;
    %pushi/vec4 0, 0, 2;
    %store/vec4 v0x578507d45240_0, 0, 2;
    %jmp T_12.13;
T_12.12 ;
    %pushi/vec4 3, 0, 2;
    %store/vec4 v0x578507d45240_0, 0, 2;
T_12.13 ;
    %jmp T_12.7;
T_12.7 ;
    %pop/vec4 1;
T_12.1 ;
    %jmp T_12;
    .thread T_12;
    .scope S_0x578507d448c0;
T_13 ;
    %wait E_0x578507d28bf0;
    %load/vec4 v0x578507d45240_0;
    %dup/vec4;
    %pushi/vec4 0, 0, 2;
    %cmp/u;
    %jmp/1 T_13.0, 6;
    %dup/vec4;
    %pushi/vec4 1, 0, 2;
    %cmp/u;
    %jmp/1 T_13.1, 6;
    %dup/vec4;
    %pushi/vec4 2, 0, 2;
    %cmp/u;
    %jmp/1 T_13.2, 6;
    %dup/vec4;
    %pushi/vec4 3, 0, 2;
    %cmp/u;
    %jmp/1 T_13.3, 6;
    %pushi/vec4 0, 0, 1;
    %store/vec4 v0x578507d44ed0_0, 0, 1;
    %pushi/vec4 1, 0, 1;
    %store/vec4 v0x578507d45100_0, 0, 1;
    %pushi/vec4 0, 0, 1;
    %store/vec4 v0x578507d44d70_0, 0, 1;
    %jmp T_13.5;
T_13.0 ;
    %pushi/vec4 0, 0, 1;
    %store/vec4 v0x578507d44ed0_0, 0, 1;
    %pushi/vec4 0, 0, 1;
    %store/vec4 v0x578507d45100_0, 0, 1;
    %pushi/vec4 0, 0, 1;
    %store/vec4 v0x578507d44d70_0, 0, 1;
    %jmp T_13.5;
T_13.1 ;
    %pushi/vec4 0, 0, 1;
    %store/vec4 v0x578507d44ed0_0, 0, 1;
    %pushi/vec4 1, 0, 1;
    %store/vec4 v0x578507d45100_0, 0, 1;
    %pushi/vec4 0, 0, 1;
    %store/vec4 v0x578507d44d70_0, 0, 1;
    %jmp T_13.5;
T_13.2 ;
    %pushi/vec4 0, 0, 1;
    %store/vec4 v0x578507d44ed0_0, 0, 1;
    %pushi/vec4 0, 0, 1;
    %store/vec4 v0x578507d45100_0, 0, 1;
    %pushi/vec4 1, 0, 1;
    %store/vec4 v0x578507d44d70_0, 0, 1;
    %jmp T_13.5;
T_13.3 ;
    %pushi/vec4 1, 0, 1;
    %store/vec4 v0x578507d44ed0_0, 0, 1;
    %pushi/vec4 0, 0, 1;
    %store/vec4 v0x578507d45100_0, 0, 1;
    %pushi/vec4 0, 0, 1;
    %store/vec4 v0x578507d44d70_0, 0, 1;
    %jmp T_13.5;
T_13.5 ;
    %pop/vec4 1;
    %jmp T_13;
    .thread T_13, $push;
    .scope S_0x578507d448c0;
T_14 ;
    %wait E_0x578507d28bf0;
    %load/vec4 v0x578507d45240_0;
    %dup/vec4;
    %pushi/vec4 0, 0, 2;
    %cmp/u;
    %jmp/1 T_14.0, 6;
    %dup/vec4;
    %pushi/vec4 1, 0, 2;
    %cmp/u;
    %jmp/1 T_14.1, 6;
    %dup/vec4;
    %pushi/vec4 2, 0, 2;
    %cmp/u;
    %jmp/1 T_14.2, 6;
    %dup/vec4;
    %pushi/vec4 3, 0, 2;
    %cmp/u;
    %jmp/1 T_14.3, 6;
    %jmp T_14.4;
T_14.0 ;
    %pushi/vec4 0, 0, 32; draw_string_vec4
    %pushi/vec4 0, 0, 32; draw_string_vec4
    %concat/vec4; draw_string_vec4
    %pushi/vec4 0, 0, 32; draw_string_vec4
    %concat/vec4; draw_string_vec4
    %pushi/vec4 0, 0, 32; draw_string_vec4
    %concat/vec4; draw_string_vec4
    %pushi/vec4 0, 0, 32; draw_string_vec4
    %concat/vec4; draw_string_vec4
    %pushi/vec4 0, 0, 32; draw_string_vec4
    %concat/vec4; draw_string_vec4
    %pushi/vec4 0, 0, 32; draw_string_vec4
    %concat/vec4; draw_string_vec4
    %pushi/vec4 0, 0, 32; draw_string_vec4
    %concat/vec4; draw_string_vec4
    %pushi/vec4 83, 0, 32; draw_string_vec4
    %concat/vec4; draw_string_vec4
    %pushi/vec4 1413567060, 0, 32; draw_string_vec4
    %concat/vec4; draw_string_vec4
    %store/vec4 v0x578507d45320_0, 0, 320;
    %jmp T_14.4;
T_14.1 ;
    %pushi/vec4 0, 0, 32; draw_string_vec4
    %pushi/vec4 0, 0, 32; draw_string_vec4
    %concat/vec4; draw_string_vec4
    %pushi/vec4 0, 0, 32; draw_string_vec4
    %concat/vec4; draw_string_vec4
    %pushi/vec4 0, 0, 32; draw_string_vec4
    %concat/vec4; draw_string_vec4
    %pushi/vec4 0, 0, 32; draw_string_vec4
    %concat/vec4; draw_string_vec4
    %pushi/vec4 0, 0, 32; draw_string_vec4
    %concat/vec4; draw_string_vec4
    %pushi/vec4 0, 0, 32; draw_string_vec4
    %concat/vec4; draw_string_vec4
    %pushi/vec4 0, 0, 32; draw_string_vec4
    %concat/vec4; draw_string_vec4
    %pushi/vec4 0, 0, 32; draw_string_vec4
    %concat/vec4; draw_string_vec4
    %pushi/vec4 1280262468, 0, 32; draw_string_vec4
    %concat/vec4; draw_string_vec4
    %store/vec4 v0x578507d45320_0, 0, 320;
    %jmp T_14.4;
T_14.2 ;
    %pushi/vec4 0, 0, 32; draw_string_vec4
    %pushi/vec4 0, 0, 32; draw_string_vec4
    %concat/vec4; draw_string_vec4
    %pushi/vec4 0, 0, 32; draw_string_vec4
    %concat/vec4; draw_string_vec4
    %pushi/vec4 0, 0, 32; draw_string_vec4
    %concat/vec4; draw_string_vec4
    %pushi/vec4 0, 0, 32; draw_string_vec4
    %concat/vec4; draw_string_vec4
    %pushi/vec4 0, 0, 32; draw_string_vec4
    %concat/vec4; draw_string_vec4
    %pushi/vec4 0, 0, 32; draw_string_vec4
    %concat/vec4; draw_string_vec4
    %pushi/vec4 0, 0, 32; draw_string_vec4
    %concat/vec4; draw_string_vec4
    %pushi/vec4 4411213, 0, 32; draw_string_vec4
    %concat/vec4; draw_string_vec4
    %pushi/vec4 1347769413, 0, 32; draw_string_vec4
    %concat/vec4; draw_string_vec4
    %store/vec4 v0x578507d45320_0, 0, 320;
    %jmp T_14.4;
T_14.3 ;
    %pushi/vec4 0, 0, 32; draw_string_vec4
    %pushi/vec4 0, 0, 32; draw_string_vec4
    %concat/vec4; draw_string_vec4
    %pushi/vec4 0, 0, 32; draw_string_vec4
    %concat/vec4; draw_string_vec4
    %pushi/vec4 0, 0, 32; draw_string_vec4
    %concat/vec4; draw_string_vec4
    %pushi/vec4 0, 0, 32; draw_string_vec4
    %concat/vec4; draw_string_vec4
    %pushi/vec4 0, 0, 32; draw_string_vec4
    %concat/vec4; draw_string_vec4
    %pushi/vec4 0, 0, 32; draw_string_vec4
    %concat/vec4; draw_string_vec4
    %pushi/vec4 0, 0, 32; draw_string_vec4
    %concat/vec4; draw_string_vec4
    %pushi/vec4 0, 0, 32; draw_string_vec4
    %concat/vec4; draw_string_vec4
    %pushi/vec4 4542020, 0, 32; draw_string_vec4
    %concat/vec4; draw_string_vec4
    %store/vec4 v0x578507d45320_0, 0, 320;
    %jmp T_14.4;
T_14.4 ;
    %pop/vec4 1;
    %jmp T_14;
    .thread T_14, $push;
    .scope S_0x578507cb9490;
T_15 ;
    %pushi/vec4 0, 0, 1;
    %store/vec4 v0x578507d49660_0, 0, 1;
T_15.0 ;
    %pushi/vec4 0, 0, 1;
    %store/vec4 v0x578507d49660_0, 0, 1;
    %delay 10000, 0;
    %pushi/vec4 1, 0, 1;
    %store/vec4 v0x578507d49660_0, 0, 1;
    %delay 10000, 0;
    %jmp T_15.0;
    %end;
    .thread T_15;
    .scope S_0x578507cb9490;
T_16 ;
    %pushi/vec4 0, 0, 32;
    %store/vec4 v0x578507d49950_0, 0, 32;
    %pushi/vec4 1, 0, 1;
    %store/vec4 v0x578507d49c90_0, 0, 1;
    %pushi/vec4 0, 0, 1;
    %store/vec4 v0x578507d499f0_0, 0, 1;
    %pushi/vec4 0, 0, 1;
    %store/vec4 v0x578507d49d80_0, 0, 1;
    %pushi/vec4 0, 0, 16;
    %store/vec4 v0x578507d493d0_0, 0, 16;
    %pushi/vec4 0, 0, 16;
    %store/vec4 v0x578507d49500_0, 0, 16;
    %wait E_0x578507cff6c0;
    %wait E_0x578507cff6c0;
    %pushi/vec4 0, 0, 1;
    %store/vec4 v0x578507d49c90_0, 0, 1;
    %pushi/vec4 247, 0, 16;
    %store/vec4 v0x578507d1d2e0_0, 0, 16;
    %pushi/vec4 127, 0, 16;
    %store/vec4 v0x578507d1f000_0, 0, 16;
    %pushi/vec4 0, 0, 1;
    %store/vec4 v0x578507ceadf0_0, 0, 1;
    %pushi/vec4 374, 0, 16;
    %store/vec4 v0x578507cea750_0, 0, 16;
    %pushi/vec4 0, 0, 1;
    %store/vec4 v0x578507d21f70_0, 0, 1;
    %pushi/vec4 0, 0, 1;
    %store/vec4 v0x578507d1c690_0, 0, 1;
    %fork TD_addsub_16_TB.run_case, S_0x578507d09890;
    %join;
    %pushi/vec4 100, 0, 16;
    %store/vec4 v0x578507d1d2e0_0, 0, 16;
    %pushi/vec4 50, 0, 16;
    %store/vec4 v0x578507d1f000_0, 0, 16;
    %pushi/vec4 1, 0, 1;
    %store/vec4 v0x578507ceadf0_0, 0, 1;
    %pushi/vec4 50, 0, 16;
    %store/vec4 v0x578507cea750_0, 0, 16;
    %pushi/vec4 1, 0, 1;
    %store/vec4 v0x578507d21f70_0, 0, 1;
    %pushi/vec4 0, 0, 1;
    %store/vec4 v0x578507d1c690_0, 0, 1;
    %fork TD_addsub_16_TB.run_case, S_0x578507d09890;
    %join;
    %pushi/vec4 50, 0, 16;
    %store/vec4 v0x578507d1d2e0_0, 0, 16;
    %pushi/vec4 100, 0, 16;
    %store/vec4 v0x578507d1f000_0, 0, 16;
    %pushi/vec4 1, 0, 1;
    %store/vec4 v0x578507ceadf0_0, 0, 1;
    %pushi/vec4 65486, 0, 16;
    %store/vec4 v0x578507cea750_0, 0, 16;
    %pushi/vec4 0, 0, 1;
    %store/vec4 v0x578507d21f70_0, 0, 1;
    %pushi/vec4 0, 0, 1;
    %store/vec4 v0x578507d1c690_0, 0, 1;
    %fork TD_addsub_16_TB.run_case, S_0x578507d09890;
    %join;
    %pushi/vec4 65535, 0, 16;
    %store/vec4 v0x578507d1d2e0_0, 0, 16;
    %pushi/vec4 1, 0, 16;
    %store/vec4 v0x578507d1f000_0, 0, 16;
    %pushi/vec4 0, 0, 1;
    %store/vec4 v0x578507ceadf0_0, 0, 1;
    %pushi/vec4 0, 0, 16;
    %store/vec4 v0x578507cea750_0, 0, 16;
    %pushi/vec4 1, 0, 1;
    %store/vec4 v0x578507d21f70_0, 0, 1;
    %pushi/vec4 0, 0, 1;
    %store/vec4 v0x578507d1c690_0, 0, 1;
    %fork TD_addsub_16_TB.run_case, S_0x578507d09890;
    %join;
    %pushi/vec4 32767, 0, 16;
    %store/vec4 v0x578507d1d2e0_0, 0, 16;
    %pushi/vec4 1, 0, 16;
    %store/vec4 v0x578507d1f000_0, 0, 16;
    %pushi/vec4 0, 0, 1;
    %store/vec4 v0x578507ceadf0_0, 0, 1;
    %pushi/vec4 32768, 0, 16;
    %store/vec4 v0x578507cea750_0, 0, 16;
    %pushi/vec4 0, 0, 1;
    %store/vec4 v0x578507d21f70_0, 0, 1;
    %pushi/vec4 1, 0, 1;
    %store/vec4 v0x578507d1c690_0, 0, 1;
    %fork TD_addsub_16_TB.run_case, S_0x578507d09890;
    %join;
    %pushi/vec4 32768, 0, 16;
    %store/vec4 v0x578507d1d2e0_0, 0, 16;
    %pushi/vec4 1, 0, 16;
    %store/vec4 v0x578507d1f000_0, 0, 16;
    %pushi/vec4 1, 0, 1;
    %store/vec4 v0x578507ceadf0_0, 0, 1;
    %pushi/vec4 32767, 0, 16;
    %store/vec4 v0x578507cea750_0, 0, 16;
    %pushi/vec4 1, 0, 1;
    %store/vec4 v0x578507d21f70_0, 0, 1;
    %pushi/vec4 1, 0, 1;
    %store/vec4 v0x578507d1c690_0, 0, 1;
    %fork TD_addsub_16_TB.run_case, S_0x578507d09890;
    %join;
    %load/vec4 v0x578507d49950_0;
    %cmpi/e 0, 0, 32;
    %jmp/0xz  T_16.0, 4;
    %vpi_call 2 81 "$display", "ALL TESTS PASSED" {0 0 0};
    %jmp T_16.1;
T_16.0 ;
    %vpi_call 2 83 "$display", "%0d TEST(S) FAILED", v0x578507d49950_0 {0 0 0};
T_16.1 ;
    %vpi_call 2 85 "$finish" {0 0 0};
    %end;
    .thread T_16;
    .scope S_0x578507cb9490;
T_17 ;
    %fork t_1, S_0x578507cb96c0;
    %jmp t_0;
    .scope S_0x578507cb96c0;
t_1 ;
    %vpi_call 2 89 "$dumpfile", "addsub_16_TB.vcd" {0 0 0};
    %vpi_call 2 90 "$dumpvars", 32'sb11111111111111111111111111111111, S_0x578507d43e70 {0 0 0};
    %end;
    .scope S_0x578507cb9490;
t_0 %join;
    %end;
    .thread T_17;
# The file index is used to find the file name in the following table.
:file_names 12;
    "N/A";
    "<interactive>";
    "addsub_16_TB.v";
    "addsub_16.v";
    "carry_addsub.v";
    "control_addsub.v";
    "count_addsub.v";
    "fa_addsub.v";
    "ov_addsub.v";
    "res_addsub.v";
    "sra_addsub.v";
    "srb_addsub.v";
